/home/wilterovago/work/install/panda_gym/lib/python3.10/site-packages/panda_gym/utils.py
/home/wilterovago/work/install/panda_gym/lib/python3.10/site-packages/panda_gym/pybullet.py
/home/wilterovago/work/install/panda_gym/lib/python3.10/site-packages/panda_gym/__init__.py
/home/wilterovago/work/install/panda_gym/lib/python3.10/site-packages/panda_gym/assets/__init__.py
/home/wilterovago/work/install/panda_gym/lib/python3.10/site-packages/panda_gym/envs/core.py
/home/wilterovago/work/install/panda_gym/lib/python3.10/site-packages/panda_gym/envs/__init__.py
/home/wilterovago/work/install/panda_gym/lib/python3.10/site-packages/panda_gym/envs/tasks/pick_and_place.py
/home/wilterovago/work/install/panda_gym/lib/python3.10/site-packages/panda_gym/envs/tasks/slide.py
/home/wilterovago/work/install/panda_gym/lib/python3.10/site-packages/panda_gym/envs/tasks/push.py
/home/wilterovago/work/install/panda_gym/lib/python3.10/site-packages/panda_gym/envs/tasks/reach.py
/home/wilterovago/work/install/panda_gym/lib/python3.10/site-packages/panda_gym/envs/tasks/flip.py
/home/wilterovago/work/install/panda_gym/lib/python3.10/site-packages/panda_gym/envs/tasks/stack.py
/home/wilterovago/work/install/panda_gym/lib/python3.10/site-packages/panda_gym/envs/tasks/__init__.py
/home/wilterovago/work/install/panda_gym/lib/python3.10/site-packages/panda_gym/envs/panda_tasks/panda_reach.py
/home/wilterovago/work/install/panda_gym/lib/python3.10/site-packages/panda_gym/envs/panda_tasks/panda_push.py
/home/wilterovago/work/install/panda_gym/lib/python3.10/site-packages/panda_gym/envs/panda_tasks/panda_slide.py
/home/wilterovago/work/install/panda_gym/lib/python3.10/site-packages/panda_gym/envs/panda_tasks/panda_stack.py
/home/wilterovago/work/install/panda_gym/lib/python3.10/site-packages/panda_gym/envs/panda_tasks/panda_pick_and_place.py
/home/wilterovago/work/install/panda_gym/lib/python3.10/site-packages/panda_gym/envs/panda_tasks/panda_flip.py
/home/wilterovago/work/install/panda_gym/lib/python3.10/site-packages/panda_gym/envs/panda_tasks/__init__.py
/home/wilterovago/work/install/panda_gym/lib/python3.10/site-packages/panda_gym/envs/robots/panda.py
/home/wilterovago/work/install/panda_gym/lib/python3.10/site-packages/panda_gym/envs/robots/__init__.py
/home/wilterovago/work/install/panda_gym/lib/python3.10/site-packages/panda_gym/version.txt
/home/wilterovago/work/install/panda_gym/lib/python3.10/site-packages/panda_gym/__pycache__/utils.cpython-310.pyc
/home/wilterovago/work/install/panda_gym/lib/python3.10/site-packages/panda_gym/__pycache__/pybullet.cpython-310.pyc
/home/wilterovago/work/install/panda_gym/lib/python3.10/site-packages/panda_gym/__pycache__/__init__.cpython-310.pyc
/home/wilterovago/work/install/panda_gym/lib/python3.10/site-packages/panda_gym/assets/__pycache__/__init__.cpython-310.pyc
/home/wilterovago/work/install/panda_gym/lib/python3.10/site-packages/panda_gym/envs/__pycache__/core.cpython-310.pyc
/home/wilterovago/work/install/panda_gym/lib/python3.10/site-packages/panda_gym/envs/__pycache__/__init__.cpython-310.pyc
/home/wilterovago/work/install/panda_gym/lib/python3.10/site-packages/panda_gym/envs/tasks/__pycache__/pick_and_place.cpython-310.pyc
/home/wilterovago/work/install/panda_gym/lib/python3.10/site-packages/panda_gym/envs/tasks/__pycache__/slide.cpython-310.pyc
/home/wilterovago/work/install/panda_gym/lib/python3.10/site-packages/panda_gym/envs/tasks/__pycache__/push.cpython-310.pyc
/home/wilterovago/work/install/panda_gym/lib/python3.10/site-packages/panda_gym/envs/tasks/__pycache__/reach.cpython-310.pyc
/home/wilterovago/work/install/panda_gym/lib/python3.10/site-packages/panda_gym/envs/tasks/__pycache__/flip.cpython-310.pyc
/home/wilterovago/work/install/panda_gym/lib/python3.10/site-packages/panda_gym/envs/tasks/__pycache__/stack.cpython-310.pyc
/home/wilterovago/work/install/panda_gym/lib/python3.10/site-packages/panda_gym/envs/tasks/__pycache__/__init__.cpython-310.pyc
/home/wilterovago/work/install/panda_gym/lib/python3.10/site-packages/panda_gym/envs/panda_tasks/__pycache__/panda_reach.cpython-310.pyc
/home/wilterovago/work/install/panda_gym/lib/python3.10/site-packages/panda_gym/envs/panda_tasks/__pycache__/panda_push.cpython-310.pyc
/home/wilterovago/work/install/panda_gym/lib/python3.10/site-packages/panda_gym/envs/panda_tasks/__pycache__/panda_slide.cpython-310.pyc
/home/wilterovago/work/install/panda_gym/lib/python3.10/site-packages/panda_gym/envs/panda_tasks/__pycache__/panda_stack.cpython-310.pyc
/home/wilterovago/work/install/panda_gym/lib/python3.10/site-packages/panda_gym/envs/panda_tasks/__pycache__/panda_pick_and_place.cpython-310.pyc
/home/wilterovago/work/install/panda_gym/lib/python3.10/site-packages/panda_gym/envs/panda_tasks/__pycache__/panda_flip.cpython-310.pyc
/home/wilterovago/work/install/panda_gym/lib/python3.10/site-packages/panda_gym/envs/panda_tasks/__pycache__/__init__.cpython-310.pyc
/home/wilterovago/work/install/panda_gym/lib/python3.10/site-packages/panda_gym/envs/robots/__pycache__/panda.cpython-310.pyc
/home/wilterovago/work/install/panda_gym/lib/python3.10/site-packages/panda_gym/envs/robots/__pycache__/__init__.cpython-310.pyc
/home/wilterovago/work/install/panda_gym/lib/python3.10/site-packages/panda_gym-2.0.0a0-py3.10.egg-info/PKG-INFO
/home/wilterovago/work/install/panda_gym/lib/python3.10/site-packages/panda_gym-2.0.0a0-py3.10.egg-info/SOURCES.txt
/home/wilterovago/work/install/panda_gym/lib/python3.10/site-packages/panda_gym-2.0.0a0-py3.10.egg-info/requires.txt
/home/wilterovago/work/install/panda_gym/lib/python3.10/site-packages/panda_gym-2.0.0a0-py3.10.egg-info/top_level.txt
/home/wilterovago/work/install/panda_gym/lib/python3.10/site-packages/panda_gym-2.0.0a0-py3.10.egg-info/dependency_links.txt
